<?xml version="1.0" encoding="UTF-8"?>
<!-- Generated by org.testng.reporters.JUnitReportReporter -->
<testsuite skipped="0" hostname="nusrats-mbp-2.lan" name="test.day4" tests="3" failures="0" timestamp="2020-10-26T18:11:44 EDT" time="0.008" errors="0">
  <testcase name="loginAPI" time="0.003" classname="test.day4"/>
  <system-out/>
  <testcase name="mobileLogin" time="0.002" classname="test.day4"/>
  <system-out/>
  <testcase name="weblogin" time="0.003" classname="test.day4"/>
  <system-out/>
</testsuite> <!-- test.day4 -->
