<?xml version="1.0" encoding="UTF-8"?>
<!-- Generated by org.testng.reporters.JUnitReportReporter -->
<testsuite skipped="0" hostname="nusrats-mbp-2.lan" name="test.day1" tests="3" failures="0" timestamp="2020-10-27T03:08:52 EDT" time="0.020" errors="0">
  <testcase name="secondTest" time="0.010" classname="test.day1"/>
  <system-out/>
  <testcase name="secondTest" time="0.002" classname="test.day1"/>
  <system-out/>
  <testcase name="secondTest" time="0.008" classname="test.day1"/>
  <system-out/>
</testsuite> <!-- test.day1 -->
