<?xml version="1.0" encoding="UTF-8"?>
<!-- Generated by org.testng.reporters.JUnitReportReporter -->
<testsuite skipped="0" hostname="nusrats-mbp-2.lan" name="test.day2" tests="1" failures="0" timestamp="2020-10-26T18:11:44 EDT" time="0.007" errors="0">
  <testcase name="ploan" time="0.007" classname="test.day2"/>
  <system-out/>
</testsuite> <!-- test.day2 -->
