<?xml version="1.0" encoding="UTF-8"?>
<!-- Generated by org.testng.reporters.JUnitReportReporter -->
<testsuite hostname="nusrats-mbp.lan" failures="0" tests="1" name="com.TestNGProject.SmokeTest" time="0.002" errors="0" timestamp="18 Oct 2019 00:30:14 GMT" skipped="0">
  <testcase classname="com.TestNGProject.SmokeTest" name="test3" time="0.002"/>
</testsuite> <!-- com.TestNGProject.SmokeTest -->
