<?xml version="1.0" encoding="UTF-8"?>
<!-- Generated by org.testng.reporters.JUnitReportReporter -->
<testsuite hostname="nusrats-mbp.lan" failures="0" tests="2" name="com.TestNGProject.RegressionTest" time="0.001" errors="0" timestamp="18 Oct 2019 00:30:14 GMT" skipped="0">
  <testcase classname="com.TestNGProject.RegressionTest" name="test1" time="0.001"/>
  <testcase classname="com.TestNGProject.RegressionTest" name="test2" time="0.000"/>
</testsuite> <!-- com.TestNGProject.RegressionTest -->
